2025-06-09T17:37:34.797+05:30  INFO 1376 --- [employeeWage] [main] c.b.e.EmployeeWageApplication            : Starting EmployeeWageApplication using Java 21.0.1 with PID 1376 (D:\Bridgelab\Bridgelab_workSpace\SpringBoot\employeeWage\target\classes started by prasa in D:\Bridgelab\Bridgelab_workSpace\SpringBoot\employeeWage)
2025-06-09T17:37:34.808+05:30  INFO 1376 --- [employeeWage] [main] c.b.e.EmployeeWageApplication            : The following 1 profile is active: "dev"
2025-06-09T17:37:36.378+05:30  INFO 1376 --- [employeeWage] [main] .s.d.r.c.RepositoryConfigurationDelegate : Bootstrapping Spring Data JPA repositories in DEFAULT mode.
2025-06-09T17:37:36.460+05:30  INFO 1376 --- [employeeWage] [main] .s.d.r.c.RepositoryConfigurationDelegate : Finished Spring Data repository scanning in 49 ms. Found 0 JPA repository interfaces.
2025-06-09T17:37:37.211+05:30  INFO 1376 --- [employeeWage] [main] o.s.b.w.embedded.tomcat.TomcatWebServer  : Tomcat initialized with port 8080 (http)
2025-06-09T17:37:37.228+05:30  INFO 1376 --- [employeeWage] [main] o.apache.catalina.core.StandardService   : Starting service [Tomcat]
2025-06-09T17:37:37.228+05:30  INFO 1376 --- [employeeWage] [main] o.apache.catalina.core.StandardEngine    : Starting Servlet engine: [Apache Tomcat/10.1.39]
2025-06-09T17:37:37.313+05:30  INFO 1376 --- [employeeWage] [main] o.a.c.c.C.[Tomcat].[localhost].[/]       : Initializing Spring embedded WebApplicationContext
2025-06-09T17:37:37.314+05:30  INFO 1376 --- [employeeWage] [main] w.s.c.ServletWebServerApplicationContext : Root WebApplicationContext: initialization completed in 2433 ms
2025-06-09T17:37:37.665+05:30  INFO 1376 --- [employeeWage] [main] o.hibernate.jpa.internal.util.LogHelper  : HHH000204: Processing PersistenceUnitInfo [name: default]
2025-06-09T17:37:37.790+05:30  INFO 1376 --- [employeeWage] [main] org.hibernate.Version                    : HHH000412: Hibernate ORM core version 6.6.11.Final
2025-06-09T17:37:37.854+05:30  INFO 1376 --- [employeeWage] [main] o.h.c.internal.RegionFactoryInitiator    : HHH000026: Second-level cache disabled
2025-06-09T17:37:38.364+05:30  INFO 1376 --- [employeeWage] [main] o.s.o.j.p.SpringPersistenceUnitInfo      : No LoadTimeWeaver setup: ignoring JPA class transformer
2025-06-09T17:37:38.413+05:30  INFO 1376 --- [employeeWage] [main] com.zaxxer.hikari.HikariDataSource       : HikariPool-1 - Starting...
2025-06-09T17:37:38.743+05:30  INFO 1376 --- [employeeWage] [main] com.zaxxer.hikari.pool.HikariPool        : HikariPool-1 - Added connection com.mysql.cj.jdbc.ConnectionImpl@781c2497
2025-06-09T17:37:38.746+05:30  INFO 1376 --- [employeeWage] [main] com.zaxxer.hikari.HikariDataSource       : HikariPool-1 - Start completed.
2025-06-09T17:37:38.789+05:30  WARN 1376 --- [employeeWage] [main] org.hibernate.dialect.Dialect            : HHH000511: The 5.5.62 version for [org.hibernate.dialect.MySQLDialect] is no longer supported, hence certain features may not work properly. The minimum supported version is 8.0.0. Check the community dialects project for available legacy versions.
2025-06-09T17:37:38.800+05:30  WARN 1376 --- [employeeWage] [main] org.hibernate.orm.deprecation            : HHH90000025: MySQLDialect does not need to be specified explicitly using 'hibernate.dialect' (remove the property setting and it will be selected by default)
2025-06-09T17:37:38.843+05:30  INFO 1376 --- [employeeWage] [main] org.hibernate.orm.connections.pooling    : HHH10001005: Database info:
	Database JDBC URL [Connecting through datasource 'HikariDataSource (HikariPool-1)']
	Database driver: undefined/unknown
	Database version: 5.5.62
	Autocommit mode: undefined/unknown
	Isolation level: undefined/unknown
	Minimum pool size: undefined/unknown
	Maximum pool size: undefined/unknown
2025-06-09T17:37:39.656+05:30  INFO 1376 --- [employeeWage] [main] o.h.e.t.j.p.i.JtaPlatformInitiator       : HHH000489: No JTA platform available (set 'hibernate.transaction.jta.platform' to enable JTA platform integration)
2025-06-09T17:37:39.763+05:30  INFO 1376 --- [employeeWage] [main] j.LocalContainerEntityManagerFactoryBean : Initialized JPA EntityManagerFactory for persistence unit 'default'
2025-06-09T17:37:39.832+05:30  WARN 1376 --- [employeeWage] [main] JpaBaseConfiguration$JpaWebConfiguration : spring.jpa.open-in-view is enabled by default. Therefore, database queries may be performed during view rendering. Explicitly configure spring.jpa.open-in-view to disable this warning
2025-06-09T17:37:40.710+05:30  INFO 1376 --- [employeeWage] [main] o.s.b.w.embedded.tomcat.TomcatWebServer  : Tomcat started on port 8080 (http) with context path '/'
2025-06-09T17:37:40.720+05:30  INFO 1376 --- [employeeWage] [main] c.b.e.EmployeeWageApplication            : Started EmployeeWageApplication in 6.702 seconds (process running for 7.484)
2025-06-09T17:37:40.727+05:30  INFO 1376 --- [employeeWage] [main] c.b.e.EmployeeWageApplication            : AddressBook app is started in dev Environment
2025-06-09T17:37:59.029+05:30  INFO 1376 --- [employeeWage] [http-nio-8080-exec-1] o.a.c.c.C.[Tomcat].[localhost].[/]       : Initializing Spring DispatcherServlet 'dispatcherServlet'
2025-06-09T17:38:15.905+05:30  INFO 1376 --- [employeeWage] [http-nio-8080-exec-5] c.b.e.c.EmployeePayrollController        : Fetching all contacts
2025-06-09T17:38:21.475+05:30  INFO 1376 --- [employeeWage] [SpringApplicationShutdownHook] o.s.b.w.e.tomcat.GracefulShutdown        : Commencing graceful shutdown. Waiting for active requests to complete
2025-06-09T17:38:21.482+05:30  INFO 1376 --- [employeeWage] [tomcat-shutdown] o.s.b.w.e.tomcat.GracefulShutdown        : Graceful shutdown complete
2025-06-09T17:38:21.486+05:30  INFO 1376 --- [employeeWage] [SpringApplicationShutdownHook] j.LocalContainerEntityManagerFactoryBean : Closing JPA EntityManagerFactory for persistence unit 'default'
2025-06-09T17:38:21.489+05:30  INFO 1376 --- [employeeWage] [SpringApplicationShutdownHook] com.zaxxer.hikari.HikariDataSource       : HikariPool-1 - Shutdown initiated...
2025-06-09T17:38:21.500+05:30  INFO 1376 --- [employeeWage] [SpringApplicationShutdownHook] com.zaxxer.hikari.HikariDataSource       : HikariPool-1 - Shutdown completed.
